<?xml version="1.0" encoding="UTF-8"?>
<!-- Generated by org.testng.reporters.JUnitXMLReporter -->
<testsuite ignored="0" hostname="DESKTOP-AG9QOA8" failures="4" tests="14" name="Test0" time="213.038" errors="0" timestamp="2022-10-25T08:40:59 BDT">
  <testcase classname="com.technogearup.E2EProject.FooterOfThePage" name="footerContent" time="0.409"/>
  <testcase classname="com.technogearup.E2EProject.HeaderOfThePage" name="headerContent" time="0.543"/>
  <testcase classname="com.technogearup.E2EProject.FooterOfThePage" name="companyInfo" time="4.544"/>
  <testcase classname="com.technogearup.E2EProject.HeaderOfThePage" name="logo" time="0.08"/>
  <testcase classname="com.technogearup.E2EProject.FooterOfThePage" name="customerService" time="2.763"/>
  <testcase classname="com.technogearup.E2EProject.HeaderOfThePage" name="searchOption" time="6.716"/>
  <testcase classname="com.technogearup.E2EProject.FooterOfThePage" name="onlinePurchases" time="4.42"/>
  <testcase classname="com.technogearup.E2EProject.HeaderOfThePage" name="userInfo" time="43.438"/>
  <testcase classname="com.technogearup.E2EProject.FooterOfThePage" name="followUs" time="3.565">
    <failure type="java.lang.AssertionError" message="Footer-&amp;gt;followUs: [https://www.tiktok.com/@neutrogena_us] didn&amp;apos;t redirected properly. expected [true] but found [false]">
      <![CDATA[java.lang.AssertionError: Footer->followUs: [https://www.tiktok.com/@neutrogena_us] didn't redirected properly. expected [true] but found [false]
at com.technogearup.E2EProject.FooterOfThePage.followUs(FooterOfThePage.java:360)
at java.base/java.util.ArrayList.forEach(ArrayList.java:1511)
at java.base/java.util.concurrent.FutureTask.run(FutureTask.java:264)
at java.base/java.util.concurrent.ThreadPoolExecutor.runWorker(ThreadPoolExecutor.java:1136)
at java.base/java.util.concurrent.ThreadPoolExecutor$Worker.run(ThreadPoolExecutor.java:635)
at java.base/java.lang.Thread.run(Thread.java:833)
... Removed 21 stack frames]]>
    </failure>
  </testcase> <!-- followUs -->
  <testcase classname="com.technogearup.E2EProject.HeaderOfThePage" name="navigation" time="80.957">
    <failure type="java.lang.AssertionError" message="Nav: have the following issues: [[https://www.neutrogena.com/care-club.html#]nav item links are not in proper place] expected [true] but found [false]">
      <![CDATA[java.lang.AssertionError: Nav: have the following issues: [[https://www.neutrogena.com/care-club.html#]nav item links are not in proper place] expected [true] but found [false]
at com.technogearup.E2EProject.HeaderOfThePage.navigation(HeaderOfThePage.java:401)
at java.base/java.util.ArrayList.forEach(ArrayList.java:1511)
at java.base/java.util.concurrent.FutureTask.run(FutureTask.java:264)
at java.base/java.util.concurrent.ThreadPoolExecutor.runWorker(ThreadPoolExecutor.java:1136)
at java.base/java.util.concurrent.ThreadPoolExecutor$Worker.run(ThreadPoolExecutor.java:635)
at java.base/java.lang.Thread.run(Thread.java:833)
... Removed 21 stack frames]]>
    </failure>
  </testcase> <!-- navigation -->
  <testcase classname="com.technogearup.E2EProject.FooterOfThePage" name="footerUtility" time="1.937"/>
  <testcase classname="com.technogearup.E2EProject.HeaderOfThePage" name="utilityBanner" time="20.022">
    <failure type="java.lang.AssertionError" message="expected [true] but found [false]">
      <![CDATA[java.lang.AssertionError: expected [true] but found [false]
at com.technogearup.E2EProject.HeaderOfThePage.utilityBanner(HeaderOfThePage.java:481)
at java.base/java.util.ArrayList.forEach(ArrayList.java:1511)
at java.base/java.util.concurrent.FutureTask.run(FutureTask.java:264)
at java.base/java.util.concurrent.ThreadPoolExecutor.runWorker(ThreadPoolExecutor.java:1136)
at java.base/java.util.concurrent.ThreadPoolExecutor$Worker.run(ThreadPoolExecutor.java:635)
at java.base/java.lang.Thread.run(Thread.java:833)
... Removed 22 stack frames]]>
    </failure>
  </testcase> <!-- utilityBanner -->
  <testcase classname="com.technogearup.E2EProject.FooterOfThePage" name="footerBadges" time="0.127"/>
  <testcase classname="com.technogearup.E2EProject.FooterOfThePage" name="emailSignUp" time="12.834">
    <failure type="org.openqa.selenium.NoSuchElementException" message="no such element: Unable to locate element: {&amp;quot;method&amp;quot;:&amp;quot;xpath&amp;quot;,&amp;quot;selector&amp;quot;:&amp;quot;//div[@class=&amp;apos;signup-message&amp;apos;]/p&amp;quot;}
  (Session info: chrome=106.0.5249.119)
For documentation on this error, please visit: https://www.seleniumhq.org/exceptions/no_such_element.html
Build info: version: &amp;apos;3.141.59&amp;apos;, revision: &amp;apos;e82be7d358&amp;apos;, time: &amp;apos;2018-11-14T08:17:03&amp;apos;
System info: host: &amp;apos;DESKTOP-AG9QOA8&amp;apos;, ip: &amp;apos;192.168.0.107&amp;apos;, os.name: &amp;apos;Windows 10&amp;apos;, os.arch: &amp;apos;amd64&amp;apos;, os.version: &amp;apos;10.0&amp;apos;, java.version: &amp;apos;17.0.4.1&amp;apos;
Driver info: org.openqa.selenium.chrome.ChromeDriver
Capabilities {acceptInsecureCerts: false, browserName: chrome, browserVersion: 106.0.5249.119, chrome: {chromedriverVersion: 105.0.5195.52 (412c95e51883..., userDataDir: C:\Users\REZA\AppData\Local...}, goog:chromeOptions: {debuggerAddress: localhost:8043}, javascriptEnabled: true, networkConnectionEnabled: false, pageLoadStrategy: normal, platform: WINDOWS, platformName: WINDOWS, proxy: Proxy(), setWindowRect: true, strictFileInteractability: false, timeouts: {implicit: 0, pageLoad: 300000, script: 30000}, unhandledPromptBehavior: dismiss and notify, webauthn:extension:credBlob: true, webauthn:extension:largeBlob: true, webauthn:virtualAuthenticators: true}
Session ID: a444f525c88bdafecc7b48057ec64b3b
*** Element info: {Using=xpath, value=//div[@class=&amp;apos;signup-message&amp;apos;]/p}">
      <![CDATA[org.openqa.selenium.NoSuchElementException: no such element: Unable to locate element: {"method":"xpath","selector":"//div[@class='signup-message']/p"}
  (Session info: chrome=106.0.5249.119)
For documentation on this error, please visit: https://www.seleniumhq.org/exceptions/no_such_element.html
Build info: version: '3.141.59', revision: 'e82be7d358', time: '2018-11-14T08:17:03'
System info: host: 'DESKTOP-AG9QOA8', ip: '192.168.0.107', os.name: 'Windows 10', os.arch: 'amd64', os.version: '10.0', java.version: '17.0.4.1'
Driver info: org.openqa.selenium.chrome.ChromeDriver
Capabilities {acceptInsecureCerts: false, browserName: chrome, browserVersion: 106.0.5249.119, chrome: {chromedriverVersion: 105.0.5195.52 (412c95e51883..., userDataDir: C:\Users\REZA\AppData\Local...}, goog:chromeOptions: {debuggerAddress: localhost:8043}, javascriptEnabled: true, networkConnectionEnabled: false, pageLoadStrategy: normal, platform: WINDOWS, platformName: WINDOWS, proxy: Proxy(), setWindowRect: true, strictFileInteractability: false, timeouts: {implicit: 0, pageLoad: 300000, script: 30000}, unhandledPromptBehavior: dismiss and notify, webauthn:extension:credBlob: true, webauthn:extension:largeBlob: true, webauthn:virtualAuthenticators: true}
Session ID: a444f525c88bdafecc7b48057ec64b3b
*** Element info: {Using=xpath, value=//div[@class='signup-message']/p}
at org.openqa.selenium.remote.http.W3CHttpResponseCodec.createException(W3CHttpResponseCodec.java:187)
at org.openqa.selenium.remote.http.W3CHttpResponseCodec.decode(W3CHttpResponseCodec.java:122)
at org.openqa.selenium.remote.http.W3CHttpResponseCodec.decode(W3CHttpResponseCodec.java:49)
at org.openqa.selenium.remote.HttpCommandExecutor.execute(HttpCommandExecutor.java:158)
at org.openqa.selenium.remote.service.DriverCommandExecutor.execute(DriverCommandExecutor.java:83)
at org.openqa.selenium.remote.RemoteWebDriver.execute(RemoteWebDriver.java:552)
at org.openqa.selenium.remote.RemoteWebDriver.findElement(RemoteWebDriver.java:323)
at org.openqa.selenium.remote.RemoteWebDriver.findElementByXPath(RemoteWebDriver.java:428)
at org.openqa.selenium.By$ByXPath.findElement(By.java:353)
at org.openqa.selenium.remote.RemoteWebDriver.findElement(RemoteWebDriver.java:315)
at pageObjects.Footer.getSignupSuccessMessage(Footer.java:163)
at com.technogearup.E2EProject.FooterOfThePage.emailSignUp(FooterOfThePage.java:511)
at java.base/java.util.ArrayList.forEach(ArrayList.java:1511)
at java.base/java.util.concurrent.FutureTask.run(FutureTask.java:264)
at java.base/java.util.concurrent.ThreadPoolExecutor.runWorker(ThreadPoolExecutor.java:1136)
at java.base/java.util.concurrent.ThreadPoolExecutor$Worker.run(ThreadPoolExecutor.java:635)
at java.base/java.lang.Thread.run(Thread.java:833)
... Removed 23 stack frames]]>
    </failure>
  </testcase> <!-- emailSignUp -->
</testsuite> <!-- Test0 -->
