<?xml version="1.0" encoding="UTF-8"?>
<testng-results skipped="0" failed="2" ignored="0" total="4" passed="2">
  <reporter-output>
  </reporter-output>
  <suite name="Suite" duration-ms="60947" started-at="2021-03-28T09:57:19Z" finished-at="2021-03-28T09:58:20Z">
    <groups>
    </groups>
    <test name="Test2" duration-ms="47238" started-at="2021-03-28T09:57:19Z" finished-at="2021-03-28T09:58:06Z">
      <class name="com.technogearup.E2EProject.ValidateNavigationBar">
        <test-method status="PASS" signature="launcBrowser()[pri:0, instance:com.technogearup.E2EProject.ValidateNavigationBar@43df23d3]" name="launcBrowser" is-config="true" duration-ms="41285" started-at="2021-03-28T09:57:19Z" finished-at="2021-03-28T09:58:00Z">
          <reporter-output>
          </reporter-output>
        </test-method> <!-- launcBrowser -->
        <test-method status="PASS" signature="basePageNavigation(java.lang.String, java.lang.String, java.lang.String)[pri:0, instance:com.technogearup.E2EProject.ValidateNavigationBar@43df23d3]" name="basePageNavigation" duration-ms="4728" started-at="2021-03-28T09:58:00Z" data-provider="getData" finished-at="2021-03-28T09:58:05Z">
          <params>
            <param index="0">
              <value>
                <![CDATA[lgdbmunrekiqcfvyxp]]>
              </value>
            </param>
            <param index="1">
              <value>
                <![CDATA[lgdbmunrekiqcfvyxp]]>
              </value>
            </param>
            <param index="2">
              <value>
                <![CDATA[User-01]]>
              </value>
            </param>
          </params>
          <reporter-output>
          </reporter-output>
        </test-method> <!-- basePageNavigation -->
        <test-method status="PASS" signature="closeBrowser()[pri:0, instance:com.technogearup.E2EProject.ValidateNavigationBar@43df23d3]" name="closeBrowser" is-config="true" duration-ms="1189" started-at="2021-03-28T09:58:05Z" finished-at="2021-03-28T09:58:06Z">
          <reporter-output>
          </reporter-output>
        </test-method> <!-- closeBrowser -->
      </class> <!-- com.technogearup.E2EProject.ValidateNavigationBar -->
    </test> <!-- Test2 -->
    <test name="Test1" duration-ms="54908" started-at="2021-03-28T09:57:19Z" finished-at="2021-03-28T09:58:14Z">
      <class name="com.technogearup.E2EProject.ValidateTitle">
        <test-method status="PASS" signature="launcBrowser()[pri:0, instance:com.technogearup.E2EProject.ValidateTitle@76494737]" name="launcBrowser" is-config="true" duration-ms="48472" started-at="2021-03-28T09:57:19Z" finished-at="2021-03-28T09:58:07Z">
          <reporter-output>
          </reporter-output>
        </test-method> <!-- launcBrowser -->
        <test-method status="PASS" signature="basePageNavigation()[pri:0, instance:com.technogearup.E2EProject.ValidateTitle@76494737]" name="basePageNavigation" duration-ms="4653" started-at="2021-03-28T09:58:07Z" finished-at="2021-03-28T09:58:12Z">
          <reporter-output>
          </reporter-output>
        </test-method> <!-- basePageNavigation -->
        <test-method status="PASS" signature="closeBrowser()[pri:0, instance:com.technogearup.E2EProject.ValidateTitle@76494737]" name="closeBrowser" is-config="true" duration-ms="1781" started-at="2021-03-28T09:58:12Z" finished-at="2021-03-28T09:58:14Z">
          <reporter-output>
          </reporter-output>
        </test-method> <!-- closeBrowser -->
      </class> <!-- com.technogearup.E2EProject.ValidateTitle -->
    </test> <!-- Test1 -->
    <test name="Test0" duration-ms="60947" started-at="2021-03-28T09:57:19Z" finished-at="2021-03-28T09:58:20Z">
      <class name="com.technogearup.E2EProject.HomePage">
        <test-method status="PASS" signature="launcBrowser()[pri:0, instance:com.technogearup.E2EProject.HomePage@5386659f]" name="launcBrowser" is-config="true" duration-ms="50499" started-at="2021-03-28T09:57:19Z" finished-at="2021-03-28T09:58:09Z">
          <reporter-output>
          </reporter-output>
        </test-method> <!-- launcBrowser -->
        <test-method status="FAIL" signature="basePageNavigation(java.lang.String, java.lang.String, java.lang.String)[pri:0, instance:com.technogearup.E2EProject.HomePage@5386659f]" name="basePageNavigation" duration-ms="7873" started-at="2021-03-28T09:58:09Z" data-provider="getData" finished-at="2021-03-28T09:58:17Z">
          <params>
            <param index="0">
              <value>
                <![CDATA[unregistered_user]]>
              </value>
            </param>
            <param index="1">
              <value>
                <![CDATA[unregistered_user]]>
              </value>
            </param>
            <param index="2">
              <value>
                <![CDATA[User-02]]>
              </value>
            </param>
          </params>
          <exception class="org.openqa.selenium.ElementClickInterceptedException">
            <message>
              <![CDATA[element click intercepted: Element <button aria-expanded="false" aria-haspopup="true" id="USER_DROPDOWN_ID" class="_10K5i7NW6qcm-UoCtpB3aK _1pA8z73SZ1olP5KMKFN4_Z _18X7KoiaLuKbuLqg4zE8BH ">...</button> is not clickable at point (1311, 23). Other element would receive the click: <div class="_1UtFUrE2ijAe5ba5uPgcfQ">...</div>
  (Session info: chrome=89.0.4389.90)
Build info: version: '3.141.59', revision: 'e82be7d358', time: '2018-11-14T08:17:03'
System info: host: 'DESKTOP-TSQEDQT', ip: '192.168.0.107', os.name: 'Windows 10', os.arch: 'amd64', os.version: '10.0', java.version: '1.8.0_172'
Driver info: org.openqa.selenium.chrome.ChromeDriver
Capabilities {acceptInsecureCerts: false, browserName: chrome, browserVersion: 89.0.4389.90, chrome: {chromedriverVersion: 88.0.4324.96 (68dba2d8a0b14..., userDataDir: C:\Users\JAVA_U~1\AppData\L...}, goog:chromeOptions: {debuggerAddress: localhost:63105}, javascriptEnabled: true, networkConnectionEnabled: false, pageLoadStrategy: normal, platform: WINDOWS, platformName: WINDOWS, proxy: Proxy(), setWindowRect: true, strictFileInteractability: false, timeouts: {implicit: 0, pageLoad: 300000, script: 30000}, unhandledPromptBehavior: dismiss and notify, webauthn:extension:largeBlob: true, webauthn:virtualAuthenticators: true}
Session ID: 5906ddd7a1b1fdae7202492f822f39a3]]>
            </message>
            <full-stacktrace>
              <![CDATA[org.openqa.selenium.ElementClickInterceptedException: element click intercepted: Element <button aria-expanded="false" aria-haspopup="true" id="USER_DROPDOWN_ID" class="_10K5i7NW6qcm-UoCtpB3aK _1pA8z73SZ1olP5KMKFN4_Z _18X7KoiaLuKbuLqg4zE8BH ">...</button> is not clickable at point (1311, 23). Other element would receive the click: <div class="_1UtFUrE2ijAe5ba5uPgcfQ">...</div>
  (Session info: chrome=89.0.4389.90)
Build info: version: '3.141.59', revision: 'e82be7d358', time: '2018-11-14T08:17:03'
System info: host: 'DESKTOP-TSQEDQT', ip: '192.168.0.107', os.name: 'Windows 10', os.arch: 'amd64', os.version: '10.0', java.version: '1.8.0_172'
Driver info: org.openqa.selenium.chrome.ChromeDriver
Capabilities {acceptInsecureCerts: false, browserName: chrome, browserVersion: 89.0.4389.90, chrome: {chromedriverVersion: 88.0.4324.96 (68dba2d8a0b14..., userDataDir: C:\Users\JAVA_U~1\AppData\L...}, goog:chromeOptions: {debuggerAddress: localhost:63105}, javascriptEnabled: true, networkConnectionEnabled: false, pageLoadStrategy: normal, platform: WINDOWS, platformName: WINDOWS, proxy: Proxy(), setWindowRect: true, strictFileInteractability: false, timeouts: {implicit: 0, pageLoad: 300000, script: 30000}, unhandledPromptBehavior: dismiss and notify, webauthn:extension:largeBlob: true, webauthn:virtualAuthenticators: true}
Session ID: 5906ddd7a1b1fdae7202492f822f39a3
at sun.reflect.NativeConstructorAccessorImpl.newInstance0(Native Method)
at sun.reflect.NativeConstructorAccessorImpl.newInstance(NativeConstructorAccessorImpl.java:62)
at sun.reflect.DelegatingConstructorAccessorImpl.newInstance(DelegatingConstructorAccessorImpl.java:45)
at java.lang.reflect.Constructor.newInstance(Constructor.java:423)
at org.openqa.selenium.remote.http.W3CHttpResponseCodec.createException(W3CHttpResponseCodec.java:187)
at org.openqa.selenium.remote.http.W3CHttpResponseCodec.decode(W3CHttpResponseCodec.java:122)
at org.openqa.selenium.remote.http.W3CHttpResponseCodec.decode(W3CHttpResponseCodec.java:49)
at org.openqa.selenium.remote.HttpCommandExecutor.execute(HttpCommandExecutor.java:158)
at org.openqa.selenium.remote.service.DriverCommandExecutor.execute(DriverCommandExecutor.java:83)
at org.openqa.selenium.remote.RemoteWebDriver.execute(RemoteWebDriver.java:552)
at org.openqa.selenium.remote.RemoteWebElement.execute(RemoteWebElement.java:285)
at org.openqa.selenium.remote.RemoteWebElement.click(RemoteWebElement.java:84)
at com.technogearup.E2EProject.HomePage.basePageNavigation(HomePage.java:62)
at sun.reflect.NativeMethodAccessorImpl.invoke0(Native Method)
at sun.reflect.NativeMethodAccessorImpl.invoke(NativeMethodAccessorImpl.java:62)
at sun.reflect.DelegatingMethodAccessorImpl.invoke(DelegatingMethodAccessorImpl.java:43)
at java.lang.reflect.Method.invoke(Method.java:498)
at org.testng.internal.MethodInvocationHelper.invokeMethod(MethodInvocationHelper.java:124)
at org.testng.internal.Invoker.invokeMethod(Invoker.java:583)
at org.testng.internal.Invoker.invokeTestMethod(Invoker.java:719)
at org.testng.internal.Invoker.invokeTestMethods(Invoker.java:989)
at org.testng.internal.TestMethodWorker.invokeTestMethods(TestMethodWorker.java:125)
at org.testng.internal.TestMethodWorker.run(TestMethodWorker.java:109)
at org.testng.TestRunner.privateRun(TestRunner.java:648)
at org.testng.TestRunner.run(TestRunner.java:505)
at org.testng.SuiteRunner.runTest(SuiteRunner.java:455)
at org.testng.SuiteRunner.access$000(SuiteRunner.java:40)
at org.testng.SuiteRunner$SuiteWorker.run(SuiteRunner.java:489)
at org.testng.internal.thread.ThreadUtil$1.call(ThreadUtil.java:52)
at java.util.concurrent.FutureTask.run(FutureTask.java:266)
at java.util.concurrent.ThreadPoolExecutor.runWorker(ThreadPoolExecutor.java:1149)
at java.util.concurrent.ThreadPoolExecutor$Worker.run(ThreadPoolExecutor.java:624)
at java.lang.Thread.run(Thread.java:748)
]]>
            </full-stacktrace>
          </exception> <!-- org.openqa.selenium.ElementClickInterceptedException -->
          <reporter-output>
          </reporter-output>
        </test-method> <!-- basePageNavigation -->
        <test-method status="FAIL" signature="basePageNavigation(java.lang.String, java.lang.String, java.lang.String)[pri:0, instance:com.technogearup.E2EProject.HomePage@5386659f]" name="basePageNavigation" duration-ms="1122" started-at="2021-03-28T09:58:18Z" data-provider="getData" finished-at="2021-03-28T09:58:19Z">
          <params>
            <param index="0">
              <value is-null="true"/>
            </param>
            <param index="1">
              <value is-null="true"/>
            </param>
            <param index="2">
              <value is-null="true"/>
            </param>
          </params>
          <exception class="org.openqa.selenium.ElementClickInterceptedException">
            <message>
              <![CDATA[element click intercepted: Element <a role="button" tabindex="0" href="https://www.reddit.com/login/?dest=https%3A%2F%2Fwww.reddit.com%2F" class="_3Wg53T10KuuPmyWOMWsY2F _2iuoyPiKHN3kfOoeIQalDT _2tU8R9NTqhvBrhoNAXWWcP HNozj_dKjQZ59ZsfEegz8 _2nelDm85zKKmuD94NequP0">...</a> is not clickable at point (1072, 23). Other element would receive the click: <div class="_1UtFUrE2ijAe5ba5uPgcfQ">...</div>
  (Session info: chrome=89.0.4389.90)
Build info: version: '3.141.59', revision: 'e82be7d358', time: '2018-11-14T08:17:03'
System info: host: 'DESKTOP-TSQEDQT', ip: '192.168.0.107', os.name: 'Windows 10', os.arch: 'amd64', os.version: '10.0', java.version: '1.8.0_172'
Driver info: org.openqa.selenium.chrome.ChromeDriver
Capabilities {acceptInsecureCerts: false, browserName: chrome, browserVersion: 89.0.4389.90, chrome: {chromedriverVersion: 88.0.4324.96 (68dba2d8a0b14..., userDataDir: C:\Users\JAVA_U~1\AppData\L...}, goog:chromeOptions: {debuggerAddress: localhost:63105}, javascriptEnabled: true, networkConnectionEnabled: false, pageLoadStrategy: normal, platform: WINDOWS, platformName: WINDOWS, proxy: Proxy(), setWindowRect: true, strictFileInteractability: false, timeouts: {implicit: 0, pageLoad: 300000, script: 30000}, unhandledPromptBehavior: dismiss and notify, webauthn:extension:largeBlob: true, webauthn:virtualAuthenticators: true}
Session ID: 5906ddd7a1b1fdae7202492f822f39a3]]>
            </message>
            <full-stacktrace>
              <![CDATA[org.openqa.selenium.ElementClickInterceptedException: element click intercepted: Element <a role="button" tabindex="0" href="https://www.reddit.com/login/?dest=https%3A%2F%2Fwww.reddit.com%2F" class="_3Wg53T10KuuPmyWOMWsY2F _2iuoyPiKHN3kfOoeIQalDT _2tU8R9NTqhvBrhoNAXWWcP HNozj_dKjQZ59ZsfEegz8 _2nelDm85zKKmuD94NequP0">...</a> is not clickable at point (1072, 23). Other element would receive the click: <div class="_1UtFUrE2ijAe5ba5uPgcfQ">...</div>
  (Session info: chrome=89.0.4389.90)
Build info: version: '3.141.59', revision: 'e82be7d358', time: '2018-11-14T08:17:03'
System info: host: 'DESKTOP-TSQEDQT', ip: '192.168.0.107', os.name: 'Windows 10', os.arch: 'amd64', os.version: '10.0', java.version: '1.8.0_172'
Driver info: org.openqa.selenium.chrome.ChromeDriver
Capabilities {acceptInsecureCerts: false, browserName: chrome, browserVersion: 89.0.4389.90, chrome: {chromedriverVersion: 88.0.4324.96 (68dba2d8a0b14..., userDataDir: C:\Users\JAVA_U~1\AppData\L...}, goog:chromeOptions: {debuggerAddress: localhost:63105}, javascriptEnabled: true, networkConnectionEnabled: false, pageLoadStrategy: normal, platform: WINDOWS, platformName: WINDOWS, proxy: Proxy(), setWindowRect: true, strictFileInteractability: false, timeouts: {implicit: 0, pageLoad: 300000, script: 30000}, unhandledPromptBehavior: dismiss and notify, webauthn:extension:largeBlob: true, webauthn:virtualAuthenticators: true}
Session ID: 5906ddd7a1b1fdae7202492f822f39a3
at sun.reflect.NativeConstructorAccessorImpl.newInstance0(Native Method)
at sun.reflect.NativeConstructorAccessorImpl.newInstance(NativeConstructorAccessorImpl.java:62)
at sun.reflect.DelegatingConstructorAccessorImpl.newInstance(DelegatingConstructorAccessorImpl.java:45)
at java.lang.reflect.Constructor.newInstance(Constructor.java:423)
at org.openqa.selenium.remote.http.W3CHttpResponseCodec.createException(W3CHttpResponseCodec.java:187)
at org.openqa.selenium.remote.http.W3CHttpResponseCodec.decode(W3CHttpResponseCodec.java:122)
at org.openqa.selenium.remote.http.W3CHttpResponseCodec.decode(W3CHttpResponseCodec.java:49)
at org.openqa.selenium.remote.HttpCommandExecutor.execute(HttpCommandExecutor.java:158)
at org.openqa.selenium.remote.service.DriverCommandExecutor.execute(DriverCommandExecutor.java:83)
at org.openqa.selenium.remote.RemoteWebDriver.execute(RemoteWebDriver.java:552)
at org.openqa.selenium.remote.RemoteWebElement.execute(RemoteWebElement.java:285)
at org.openqa.selenium.remote.RemoteWebElement.click(RemoteWebElement.java:84)
at com.technogearup.E2EProject.HomePage.basePageNavigation(HomePage.java:41)
at sun.reflect.NativeMethodAccessorImpl.invoke0(Native Method)
at sun.reflect.NativeMethodAccessorImpl.invoke(NativeMethodAccessorImpl.java:62)
at sun.reflect.DelegatingMethodAccessorImpl.invoke(DelegatingMethodAccessorImpl.java:43)
at java.lang.reflect.Method.invoke(Method.java:498)
at org.testng.internal.MethodInvocationHelper.invokeMethod(MethodInvocationHelper.java:124)
at org.testng.internal.Invoker.invokeMethod(Invoker.java:583)
at org.testng.internal.Invoker.invokeTestMethod(Invoker.java:719)
at org.testng.internal.Invoker.invokeTestMethods(Invoker.java:989)
at org.testng.internal.TestMethodWorker.invokeTestMethods(TestMethodWorker.java:125)
at org.testng.internal.TestMethodWorker.run(TestMethodWorker.java:109)
at org.testng.TestRunner.privateRun(TestRunner.java:648)
at org.testng.TestRunner.run(TestRunner.java:505)
at org.testng.SuiteRunner.runTest(SuiteRunner.java:455)
at org.testng.SuiteRunner.access$000(SuiteRunner.java:40)
at org.testng.SuiteRunner$SuiteWorker.run(SuiteRunner.java:489)
at org.testng.internal.thread.ThreadUtil$1.call(ThreadUtil.java:52)
at java.util.concurrent.FutureTask.run(FutureTask.java:266)
at java.util.concurrent.ThreadPoolExecutor.runWorker(ThreadPoolExecutor.java:1149)
at java.util.concurrent.ThreadPoolExecutor$Worker.run(ThreadPoolExecutor.java:624)
at java.lang.Thread.run(Thread.java:748)
]]>
            </full-stacktrace>
          </exception> <!-- org.openqa.selenium.ElementClickInterceptedException -->
          <reporter-output>
          </reporter-output>
        </test-method> <!-- basePageNavigation -->
        <test-method status="PASS" signature="closeBrowser()[pri:0, instance:com.technogearup.E2EProject.HomePage@5386659f]" name="closeBrowser" is-config="true" duration-ms="315" started-at="2021-03-28T09:58:19Z" finished-at="2021-03-28T09:58:20Z">
          <reporter-output>
          </reporter-output>
        </test-method> <!-- closeBrowser -->
      </class> <!-- com.technogearup.E2EProject.HomePage -->
    </test> <!-- Test0 -->
  </suite> <!-- Suite -->
</testng-results>
